INFO:     Will watch for changes in these directories: ['/home/alex/web/eternaai']
INFO:     Will watch for changes in these directories: ['/home/alex/web/eternaai']
ERROR:    [Errno 98] Address already in use
ERROR:    [Errno 98] Address already in use
INFO:     Started server process [106635]
INFO:     Waiting for application startup.
INFO:     Application startup complete.
ERROR:    [Errno 98] error while attempting to bind on address ('127.0.0.1', 8001): address already in use
INFO:     Waiting for application shutdown.
INFO:     Application shutdown complete.
INFO:     Started server process [106634]
INFO:     Waiting for application startup.
INFO:     Application startup complete.
ERROR:    [Errno 98] error while attempting to bind on address ('127.0.0.1', 8000): address already in use
INFO:     Waiting for application shutdown.
INFO:     Application shutdown complete.
INFO:     Started server process [107388]
INFO:     Waiting for application startup.
INFO:     Application startup complete.
ERROR:    [Errno 98] error while attempting to bind on address ('127.0.0.1', 8000): address already in use
INFO:     Waiting for application shutdown.
INFO:     Application shutdown complete.
INFO:     Started server process [107835]
INFO:     Waiting for application startup.
INFO:     Application startup complete.
ERROR:    [Errno 13] error while attempting to bind on address ('127.0.0.1', 1020): permission denied
INFO:     Waiting for application shutdown.
INFO:     Application shutdown complete.
INFO:     Started server process [108163]
INFO:     Waiting for application startup.
INFO:     Application startup complete.
ERROR:    [Errno 13] error while attempting to bind on address ('127.0.0.1', 1020): permission denied
INFO:     Waiting for application shutdown.
INFO:     Application shutdown complete.
INFO:     Started server process [108300]
INFO:     Waiting for application startup.
INFO:     Application startup complete.
ERROR:    [Errno 13] error while attempting to bind on address ('127.0.0.1', 1020): permission denied
INFO:     Waiting for application shutdown.
INFO:     Application shutdown complete.
